<?xml version="1.0" encoding="UTF-8"?>
<!-- Generated by org.testng.reporters.JUnitXMLReporter -->
<testsuite ignored="1" hostname="LAPTOP-4C0L65HC" failures="0" tests="2" name="Test2" time="21.111" errors="0" timestamp="2024-11-27T14:54:53 IST">
  <testcase classname="testCases.TC001_AccountRegistrationTest" name="verify_account_registration" time="7.1"/>
  <testcase classname="testCases.TC002_LoginTest" name="verify_login" time="2.413"/>
  <testcase classname="testCases.TC003_LoginDDT" name="verify_loginDDT" time="0.0">
    <ignored/>
  </testcase> <!-- verify_loginDDT -->
</testsuite> <!-- Test2 -->
