<?xml version="1.0" encoding="UTF-8"?>
<!-- Generated by org.testng.reporters.JUnitXMLReporter -->
<testsuite ignored="0" hostname="LAPTOP-4C0L65HC" failures="1" tests="5" name="Test1" time="66.399" errors="0" timestamp="2024-12-01T20:19:18 IST">
  <testcase classname="testCases.TC003_LoginDDT" name="verify_loginDDT" time="6.695"/>
  <testcase classname="testCases.TC003_LoginDDT" name="verify_loginDDT" time="13.211"/>
  <testcase classname="testCases.TC003_LoginDDT" name="verify_loginDDT" time="11.949"/>
  <testcase classname="testCases.TC003_LoginDDT" name="verify_loginDDT" time="11.999"/>
  <testcase classname="testCases.TC003_LoginDDT" name="verify_loginDDT" time="12.121">
    <failure type="junit.framework.AssertionFailedError">
      <![CDATA[junit.framework.AssertionFailedError
at junit.framework.Assert.fail(Assert.java:47)
at junit.framework.Assert.assertTrue(Assert.java:20)
at junit.framework.Assert.assertTrue(Assert.java:27)
at testCases.TC003_LoginDDT.verify_loginDDT(TC003_LoginDDT.java:53)
at java.base/java.util.ArrayList.forEach(ArrayList.java:1596)
... Removed 25 stack frames]]>
    </failure>
  </testcase> <!-- verify_loginDDT -->
</testsuite> <!-- Test1 -->
