<?xml version="1.0" encoding="UTF-8"?>
<!-- Generated by org.testng.reporters.JUnitXMLReporter -->
<testsuite ignored="0" hostname="LAPTOP-4C0L65HC" failures="1" tests="5" name="Test1" time="68.172" errors="0" timestamp="2024-12-01T20:21:18 IST">
  <testcase classname="testCases.TC003_LoginDDT" name="verify_loginDDT" time="4.427"/>
  <testcase classname="testCases.TC003_LoginDDT" name="verify_loginDDT" time="12.983"/>
  <testcase classname="testCases.TC003_LoginDDT" name="verify_loginDDT" time="12.081"/>
  <testcase classname="testCases.TC003_LoginDDT" name="verify_loginDDT" time="12.149"/>
  <testcase classname="testCases.TC003_LoginDDT" name="verify_loginDDT" time="12.017">
    <failure type="junit.framework.AssertionFailedError">
      <![CDATA[junit.framework.AssertionFailedError
at junit.framework.Assert.fail(Assert.java:47)
at junit.framework.Assert.assertTrue(Assert.java:20)
at junit.framework.Assert.assertTrue(Assert.java:27)
at testCases.TC003_LoginDDT.verify_loginDDT(TC003_LoginDDT.java:53)
at java.base/java.util.ArrayList.forEach(ArrayList.java:1596)
... Removed 29 stack frames]]>
    </failure>
  </testcase> <!-- verify_loginDDT -->
</testsuite> <!-- Test1 -->
